<?xml version="1.0" encoding="UTF-8"?>
<!-- Generated by org.testng.reporters.JUnitReportReporter -->
<testsuite hostname="LAPTOP-9U7R92R0" failures="0" tests="1" name="Danny.TestNg.loginPage1" time="5.195" errors="0" timestamp="2021-02-18T00:25:26 EST" skipped="0">
  <testcase classname="Danny.TestNg.loginPage1" name="loginpage3" time="5.195"/>
  <system-out/>
</testsuite> <!-- Danny.TestNg.loginPage1 -->
