<?xml version="1.0" encoding="UTF-8"?>
<!-- Generated by org.testng.reporters.JUnitReportReporter -->
<testsuite hostname="LAPTOP-9U7R92R0" failures="0" tests="4" name="Danny.TestNg.GroupTestNGcases" time="0.007" errors="0" timestamp="2021-02-18T00:25:26 EST" skipped="0">
  <testcase classname="Danny.TestNg.GroupTestNGcases" name="aTest4" time="0.001"/>
  <system-out/>
  <testcase classname="Danny.TestNg.GroupTestNGcases" name="aTest3" time="0.002"/>
  <system-out/>
  <testcase classname="Danny.TestNg.GroupTestNGcases" name="aTest1" time="0.002"/>
  <system-out/>
  <testcase classname="Danny.TestNg.GroupTestNGcases" name="aTest2" time="0.002"/>
  <system-out/>
</testsuite> <!-- Danny.TestNg.GroupTestNGcases -->
