<?xml version="1.0" encoding="UTF-8"?>
<!-- Generated by org.testng.reporters.JUnitReportReporter -->
<testsuite hostname="LAPTOP-9U7R92R0" failures="0" tests="2" name="Danny.TestNg.TestNgAnnotations$loginTest" time="0.002" errors="0" timestamp="2021-02-18T00:25:26 EST" skipped="0">
  <testcase classname="Danny.TestNg.TestNgAnnotations$loginTest" name="aloginTest" time="0.001"/>
  <system-out/>
  <testcase classname="Danny.TestNg.TestNgAnnotations$loginTest" name="alogoutTest" time="0.001"/>
  <system-out/>
</testsuite> <!-- Danny.TestNg.TestNgAnnotations$loginTest -->
