<?xml version="1.0" encoding="UTF-8"?>
<!-- Generated by org.testng.reporters.JUnitReportReporter -->
<testsuite hostname="LAPTOP-9U7R92R0" failures="0" tests="1" name="Danny.TestNg.logintest2" time="0.004" errors="0" timestamp="2021-02-18T00:25:26 EST" skipped="0">
  <testcase classname="Danny.TestNg.logintest2" name="uerlogin" time="0.004"/>
  <system-out/>
</testsuite> <!-- Danny.TestNg.logintest2 -->
